<?xml version="1.0" encoding="UTF-8"?>
<!-- Generated by org.testng.reporters.JUnitReportReporter -->
<testsuite hostname="MSI" failures="0" tests="4" name="com.practice.seleniumtesting.testcases.UserLogin" time="35.405" errors="0" timestamp="2025-02-24T14:38:33 IST" skipped="0">
  <testcase classname="com.practice.seleniumtesting.testcases.UserLogin" name="loginTest" time="8.036"/>
  <testcase classname="com.practice.seleniumtesting.testcases.UserLogin" name="loginTest" time="12.632"/>
  <testcase classname="com.practice.seleniumtesting.testcases.UserLogin" name="lockedOutLogin" time="7.341"/>
  <testcase classname="com.practice.seleniumtesting.testcases.UserLogin" name="loginTest" time="7.396"/>
</testsuite> <!-- com.practice.seleniumtesting.testcases.UserLogin -->
