<?xml version="1.0" encoding="UTF-8"?>
<!-- Generated by org.testng.reporters.JUnitReportReporter -->
<testsuite hostname="MSI" failures="0" tests="1" name="com.practice.seleniumtesting.testcases.StartToFinish" time="9.294" errors="0" timestamp="2025-02-24T14:41:11 IST" skipped="0">
  <testcase classname="com.practice.seleniumtesting.testcases.StartToFinish" name="startToFinish" time="9.294"/>
</testsuite> <!-- com.practice.seleniumtesting.testcases.StartToFinish -->
